The system is: Windows - 10.0.18362 - AMD64
Compiling the C compiler identification source file "CMakeCCompilerId.c" succeeded.
Compiler: C:/Program Files (x86)/Microsoft Visual Studio/2017/Community/VC/Tools/MSVC/14.15.26726/bin/Hostx86/x86/cl.exe 
Build flags: 
Id flags:  

The output was:
0
Microsoft (R) C/C++ Optimizing Compiler Version 19.15.26732.1 for x86
Copyright (C) Microsoft Corporation.  All rights reserved.

CMakeCCompilerId.c
Microsoft (R) Incremental Linker Version 14.15.26732.1
Copyright (C) Microsoft Corporation.  All rights reserved.

/out:CMakeCCompilerId.exe 
CMakeCCompilerId.obj 


Compilation of the C compiler identification source "CMakeCCompilerId.c" produced "CMakeCCompilerId.exe"

Compilation of the C compiler identification source "CMakeCCompilerId.c" produced "CMakeCCompilerId.obj"

The C compiler identification is MSVC, found in "C:/Users/swing/OneDrive/文档/GitHub/CMakeTest/build/CMakeFiles/3.16.2/CompilerIdC/CMakeCCompilerId.exe"

Compiling the CXX compiler identification source file "CMakeCXXCompilerId.cpp" succeeded.
Compiler: C:/Program Files (x86)/Microsoft Visual Studio/2017/Community/VC/Tools/MSVC/14.15.26726/bin/Hostx86/x86/cl.exe 
Build flags: 
Id flags:  

The output was:
0
Microsoft (R) C/C++ Optimizing Compiler Version 19.15.26732.1 for x86
Copyright (C) Microsoft Corporation.  All rights reserved.

CMakeCXXCompilerId.cpp
Microsoft (R) Incremental Linker Version 14.15.26732.1
Copyright (C) Microsoft Corporation.  All rights reserved.

/out:CMakeCXXCompilerId.exe 
CMakeCXXCompilerId.obj 


Compilation of the CXX compiler identification source "CMakeCXXCompilerId.cpp" produced "CMakeCXXCompilerId.exe"

Compilation of the CXX compiler identification source "CMakeCXXCompilerId.cpp" produced "CMakeCXXCompilerId.obj"

The CXX compiler identification is MSVC, found in "C:/Users/swing/OneDrive/文档/GitHub/CMakeTest/build/CMakeFiles/3.16.2/CompilerIdCXX/CMakeCXXCompilerId.exe"

Determining if the C compiler works passed with the following output:
Change Dir: C:/Users/swing/OneDrive/文档/GitHub/CMakeTest/build/CMakeFiles/CMakeTmp

Run Build Command(s):C:/PROGRA~2/MICROS~1/2017/COMMUN~1/Common7/IDE/COMMON~1/MICROS~1/CMake/Ninja/ninja.exe cmTC_9af71 && [1/2] Building C object CMakeFiles\cmTC_9af71.dir\testCCompiler.c.obj
[2/2] Linking C executable cmTC_9af71.exe



Detecting C compiler ABI info compiled with the following output:
Change Dir: C:/Users/swing/OneDrive/文档/GitHub/CMakeTest/build/CMakeFiles/CMakeTmp

Run Build Command(s):C:/PROGRA~2/MICROS~1/2017/COMMUN~1/Common7/IDE/COMMON~1/MICROS~1/CMake/Ninja/ninja.exe cmTC_ead19 && [1/2] Building C object CMakeFiles\cmTC_ead19.dir\CMakeCCompilerABI.c.obj
[2/2] Linking C executable cmTC_ead19.exe



Determining if the CXX compiler works passed with the following output:
Change Dir: C:/Users/swing/OneDrive/文档/GitHub/CMakeTest/build/CMakeFiles/CMakeTmp

Run Build Command(s):C:/PROGRA~2/MICROS~1/2017/COMMUN~1/Common7/IDE/COMMON~1/MICROS~1/CMake/Ninja/ninja.exe cmTC_5b0a2 && [1/2] Building CXX object CMakeFiles\cmTC_5b0a2.dir\testCXXCompiler.cxx.obj
[2/2] Linking CXX executable cmTC_5b0a2.exe



Detecting CXX compiler ABI info compiled with the following output:
Change Dir: C:/Users/swing/OneDrive/文档/GitHub/CMakeTest/build/CMakeFiles/CMakeTmp

Run Build Command(s):C:/PROGRA~2/MICROS~1/2017/COMMUN~1/Common7/IDE/COMMON~1/MICROS~1/CMake/Ninja/ninja.exe cmTC_6f125 && [1/2] Building CXX object CMakeFiles\cmTC_6f125.dir\CMakeCXXCompilerABI.cpp.obj
[2/2] Linking CXX executable cmTC_6f125.exe



